{
  "stats": {
    "suites": 1,
    "tests": 3,
    "passes": 3,
    "pending": 0,
    "failures": 0,
    "start": "2022-05-16T00:02:38.887Z",
    "end": "2022-05-16T00:03:14.248Z",
    "duration": 35361,
    "testsRegistered": 3,
    "passPercent": 100,
    "pendingPercent": 0,
    "other": 0,
    "hasOther": false,
    "skipped": 0,
    "hasSkipped": false
  },
  "results": [
    {
      "uuid": "d807ef98-b250-438e-a66b-0b79b42086a8",
      "title": "",
      "fullFile": "cypress/integration/Navigate.feature",
      "file": "cypress/integration/Navigate.feature",
      "beforeHooks": [],
      "afterHooks": [],
      "tests": [],
      "suites": [
        {
          "uuid": "856a60ec-7a20-4fc9-8f48-8b9c6c8dea83",
          "title": "Navigation",
          "fullFile": "",
          "file": "",
          "beforeHooks": [],
          "afterHooks": [],
          "tests": [
            {
              "title": "Navigate to /standards/webofdevices/multimodal (example #1)",
              "fullTitle": "Navigation Navigate to /standards/webofdevices/multimodal (example #1)",
              "timedOut": null,
              "duration": 11420,
              "state": "passed",
              "speed": "slow",
              "pass": true,
              "fail": false,
              "pending": false,
              "context": null,
              "code": "const state = window.testState;\nreturn cy\n  .then(() => state.onStartScenario(scenario, indexedSteps))\n  .then(() =>\n    resolveAndRunBeforeHooks.call(this, scenario.tags, state.feature.name)\n  )\n  .then(() =>\n    indexedSteps.forEach((step) =>\n      stepTest.call(this, state, step, rowData)\n    )\n  )\n  .then(() => state.onFinishScenario(scenario));",
              "err": {},
              "uuid": "5ee75cf2-be62-43bc-b0a1-8fde91fa414d",
              "parentUUID": "856a60ec-7a20-4fc9-8f48-8b9c6c8dea83",
              "isHook": false,
              "skipped": false
            },
            {
              "title": "Navigate to /standards/webdesign/htmlcss (example #2)",
              "fullTitle": "Navigation Navigate to /standards/webdesign/htmlcss (example #2)",
              "timedOut": null,
              "duration": 17765,
              "state": "passed",
              "speed": "slow",
              "pass": true,
              "fail": false,
              "pending": false,
              "context": null,
              "code": "const state = window.testState;\nreturn cy\n  .then(() => state.onStartScenario(scenario, indexedSteps))\n  .then(() =>\n    resolveAndRunBeforeHooks.call(this, scenario.tags, state.feature.name)\n  )\n  .then(() =>\n    indexedSteps.forEach((step) =>\n      stepTest.call(this, state, step, rowData)\n    )\n  )\n  .then(() => state.onFinishScenario(scenario));",
              "err": {},
              "uuid": "3a7fce71-da14-4d24-93af-faeaeaca8ee3",
              "parentUUID": "856a60ec-7a20-4fc9-8f48-8b9c6c8dea83",
              "isHook": false,
              "skipped": false
            },
            {
              "title": "Navigate to /standards/badpage (example #3)",
              "fullTitle": "Navigation Navigate to /standards/badpage (example #3)",
              "timedOut": null,
              "duration": 6007,
              "state": "passed",
              "speed": "medium",
              "pass": true,
              "fail": false,
              "pending": false,
              "context": null,
              "code": "const state = window.testState;\nreturn cy\n  .then(() => state.onStartScenario(scenario, indexedSteps))\n  .then(() =>\n    resolveAndRunBeforeHooks.call(this, scenario.tags, state.feature.name)\n  )\n  .then(() =>\n    indexedSteps.forEach((step) =>\n      stepTest.call(this, state, step, rowData)\n    )\n  )\n  .then(() => state.onFinishScenario(scenario));",
              "err": {},
              "uuid": "ac27c072-b0c8-4fd9-a2a9-566cd501b881",
              "parentUUID": "856a60ec-7a20-4fc9-8f48-8b9c6c8dea83",
              "isHook": false,
              "skipped": false
            }
          ],
          "suites": [],
          "passes": [
            "5ee75cf2-be62-43bc-b0a1-8fde91fa414d",
            "3a7fce71-da14-4d24-93af-faeaeaca8ee3",
            "ac27c072-b0c8-4fd9-a2a9-566cd501b881"
          ],
          "failures": [],
          "pending": [],
          "skipped": [],
          "duration": 35192,
          "root": false,
          "rootEmpty": false,
          "_timeout": 2000
        }
      ],
      "passes": [],
      "failures": [],
      "pending": [],
      "skipped": [],
      "duration": 0,
      "root": true,
      "rootEmpty": true,
      "_timeout": 2000
    }
  ],
  "meta": {
    "mocha": {
      "version": "7.0.1"
    },
    "mochawesome": {
      "options": {
        "quiet": false,
        "reportFilename": "mochawesome",
        "saveHtml": true,
        "saveJson": true,
        "consoleReporter": "spec",
        "useInlineDiffs": false,
        "code": true
      },
      "version": "7.1.3"
    },
    "marge": {
      "options": {
        "reportDir": "cypress/reports/",
        "overwrite": false,
        "html": true,
        "json": true
      },
      "version": "6.2.0"
    }
  }
}