{
  "stats": {
    "suites": 1,
    "tests": 3,
    "passes": 3,
    "pending": 0,
    "failures": 0,
    "start": "2022-05-16T00:02:35.583Z",
    "end": "2022-05-16T00:03:14.612Z",
    "duration": 39029,
    "testsRegistered": 3,
    "passPercent": 100,
    "pendingPercent": 0,
    "other": 0,
    "hasOther": false,
    "skipped": 0,
    "hasSkipped": false
  },
  "results": [
    {
      "uuid": "bb662761-e41d-42be-8c71-128a0c5f2c45",
      "title": "",
      "fullFile": "cypress/integration/Navigate.feature",
      "file": "cypress/integration/Navigate.feature",
      "beforeHooks": [],
      "afterHooks": [],
      "tests": [],
      "suites": [
        {
          "uuid": "0a2a8310-63c6-4926-97d8-ac32792aa231",
          "title": "Navigation",
          "fullFile": "",
          "file": "",
          "beforeHooks": [],
          "afterHooks": [],
          "tests": [
            {
              "title": "Navigate to /standards/webofdevices/multimodal (example #1)",
              "fullTitle": "Navigation Navigate to /standards/webofdevices/multimodal (example #1)",
              "timedOut": null,
              "duration": 12424,
              "state": "passed",
              "speed": "slow",
              "pass": true,
              "fail": false,
              "pending": false,
              "context": null,
              "code": "const state = window.testState;\nreturn cy\n  .then(() => state.onStartScenario(scenario, indexedSteps))\n  .then(() =>\n    resolveAndRunBeforeHooks.call(this, scenario.tags, state.feature.name)\n  )\n  .then(() =>\n    indexedSteps.forEach((step) =>\n      stepTest.call(this, state, step, rowData)\n    )\n  )\n  .then(() => state.onFinishScenario(scenario));",
              "err": {},
              "uuid": "335c5ec5-70ea-4689-aed6-5d7a890312f0",
              "parentUUID": "0a2a8310-63c6-4926-97d8-ac32792aa231",
              "isHook": false,
              "skipped": false
            },
            {
              "title": "Navigate to /standards/webdesign/htmlcss (example #2)",
              "fullTitle": "Navigation Navigate to /standards/webdesign/htmlcss (example #2)",
              "timedOut": null,
              "duration": 19284,
              "state": "passed",
              "speed": "slow",
              "pass": true,
              "fail": false,
              "pending": false,
              "context": null,
              "code": "const state = window.testState;\nreturn cy\n  .then(() => state.onStartScenario(scenario, indexedSteps))\n  .then(() =>\n    resolveAndRunBeforeHooks.call(this, scenario.tags, state.feature.name)\n  )\n  .then(() =>\n    indexedSteps.forEach((step) =>\n      stepTest.call(this, state, step, rowData)\n    )\n  )\n  .then(() => state.onFinishScenario(scenario));",
              "err": {},
              "uuid": "16fb7e7e-4abd-4108-a300-8dd016bd46f4",
              "parentUUID": "0a2a8310-63c6-4926-97d8-ac32792aa231",
              "isHook": false,
              "skipped": false
            },
            {
              "title": "Navigate to /standards/badpage (example #3)",
              "fullTitle": "Navigation Navigate to /standards/badpage (example #3)",
              "timedOut": null,
              "duration": 7037,
              "state": "passed",
              "speed": "medium",
              "pass": true,
              "fail": false,
              "pending": false,
              "context": null,
              "code": "const state = window.testState;\nreturn cy\n  .then(() => state.onStartScenario(scenario, indexedSteps))\n  .then(() =>\n    resolveAndRunBeforeHooks.call(this, scenario.tags, state.feature.name)\n  )\n  .then(() =>\n    indexedSteps.forEach((step) =>\n      stepTest.call(this, state, step, rowData)\n    )\n  )\n  .then(() => state.onFinishScenario(scenario));",
              "err": {},
              "uuid": "69dc7c8a-8831-4188-ba4f-389304b6b1c1",
              "parentUUID": "0a2a8310-63c6-4926-97d8-ac32792aa231",
              "isHook": false,
              "skipped": false
            }
          ],
          "suites": [],
          "passes": [
            "335c5ec5-70ea-4689-aed6-5d7a890312f0",
            "16fb7e7e-4abd-4108-a300-8dd016bd46f4",
            "69dc7c8a-8831-4188-ba4f-389304b6b1c1"
          ],
          "failures": [],
          "pending": [],
          "skipped": [],
          "duration": 38745,
          "root": false,
          "rootEmpty": false,
          "_timeout": 2000
        }
      ],
      "passes": [],
      "failures": [],
      "pending": [],
      "skipped": [],
      "duration": 0,
      "root": true,
      "rootEmpty": true,
      "_timeout": 2000
    }
  ],
  "meta": {
    "mocha": {
      "version": "7.0.1"
    },
    "mochawesome": {
      "options": {
        "quiet": false,
        "reportFilename": "mochawesome",
        "saveHtml": true,
        "saveJson": true,
        "consoleReporter": "spec",
        "useInlineDiffs": false,
        "code": true
      },
      "version": "7.1.3"
    },
    "marge": {
      "options": {
        "reportDir": "cypress/reports/",
        "overwrite": false,
        "html": true,
        "json": true
      },
      "version": "6.2.0"
    }
  }
}